app/build/intermediates/manifest_merge_blame_file/debug/manifest-merger-blame-debug-report.txt
1<?xml version="1.0" encoding="utf-8"?>
2<manifest xmlns:android="http://schemas.android.com/apk/res/android"
3    package="com.example.smashgameday"
4    android:versionCode="1"
5    android:versionName="1.0" >
6
7    <uses-sdk
8        android:minSdkVersion="19"
8-->src\main\AndroidManifest.xml
9        android:targetSdkVersion="32" />
9-->src\main\AndroidManifest.xml
10
11    <uses-permission android:name="android.permission.REORDER_TASKS" />
11-->[androidx.fragment:fragment-testing:1.4.1] AndroidManifest.xml:25:5-72
11-->[androidx.fragment:fragment-testing:1.4.1] AndroidManifest.xml:25:22-69
12
13    <application
13-->src\main\AndroidManifest.xml:5:5-21:19
14        android:allowBackup="true"
14-->src\main\AndroidManifest.xml:6:9-35
15        android:appComponentFactory="androidx.core.app.CoreComponentFactory"
15-->[androidx.core:core:1.7.0] AndroidManifest.xml:24:18-86
16        android:debuggable="true"
17        android:icon="@mipmap/ic_launcher"
17-->src\main\AndroidManifest.xml:7:9-43
18        android:label="@string/app_name"
18-->src\main\AndroidManifest.xml:8:9-41
19        android:roundIcon="@mipmap/ic_launcher_round"
19-->src\main\AndroidManifest.xml:9:9-54
20        android:supportsRtl="true"
20-->src\main\AndroidManifest.xml:10:9-35
21        android:testOnly="true"
22        android:theme="@style/Theme.SmashGameDay" >
22-->src\main\AndroidManifest.xml:11:9-50
23        <activity
23-->src\main\AndroidManifest.xml:13:9-20:20
24            android:name="com.example.smashgameday.MainActivity"
24-->src\main\AndroidManifest.xml:14:13-41
25            android:exported="true" >
25-->src\main\AndroidManifest.xml:15:13-36
26            <intent-filter>
26-->src\main\AndroidManifest.xml:16:13-19:29
27                <action android:name="android.intent.action.MAIN" />
27-->src\main\AndroidManifest.xml:17:17-69
27-->src\main\AndroidManifest.xml:17:25-66
28
29                <category android:name="android.intent.category.LAUNCHER" />
29-->src\main\AndroidManifest.xml:18:17-77
29-->src\main\AndroidManifest.xml:18:27-74
30            </intent-filter>
31        </activity>
32        <activity
32-->[androidx.fragment:fragment-testing:1.4.1] AndroidManifest.xml:28:9-37:20
33            android:name="androidx.fragment.app.testing.FragmentScenario$EmptyFragmentActivity"
33-->[androidx.fragment:fragment-testing:1.4.1] AndroidManifest.xml:29:13-96
34            android:exported="true"
34-->[androidx.fragment:fragment-testing:1.4.1] AndroidManifest.xml:30:13-36
35            android:multiprocess="true"
35-->[androidx.fragment:fragment-testing:1.4.1] AndroidManifest.xml:31:13-40
36            android:taskAffinity=""
36-->[androidx.fragment:fragment-testing:1.4.1] AndroidManifest.xml:32:13-36
37            android:theme="@style/FragmentScenarioEmptyFragmentActivityTheme" >
37-->[androidx.fragment:fragment-testing:1.4.1] AndroidManifest.xml:33:13-78
38            <intent-filter>
38-->[androidx.fragment:fragment-testing:1.4.1] AndroidManifest.xml:34:13-36:29
39                <action android:name="android.intent.action.MAIN" />
39-->src\main\AndroidManifest.xml:17:17-69
39-->src\main\AndroidManifest.xml:17:25-66
40            </intent-filter>
41        </activity>
42
43        <uses-library
43-->[androidx.window:window:1.0.0] AndroidManifest.xml:25:9-27:40
44            android:name="androidx.window.extensions"
44-->[androidx.window:window:1.0.0] AndroidManifest.xml:26:13-54
45            android:required="false" />
45-->[androidx.window:window:1.0.0] AndroidManifest.xml:27:13-37
46        <uses-library
46-->[androidx.window:window:1.0.0] AndroidManifest.xml:28:9-30:40
47            android:name="androidx.window.sidecar"
47-->[androidx.window:window:1.0.0] AndroidManifest.xml:29:13-51
48            android:required="false" />
48-->[androidx.window:window:1.0.0] AndroidManifest.xml:30:13-37
49
50        <activity
50-->[androidx.test:core:1.4.0] AndroidManifest.xml:27:9-34:20
51            android:name="androidx.test.core.app.InstrumentationActivityInvoker$BootstrapActivity"
51-->[androidx.test:core:1.4.0] AndroidManifest.xml:28:13-99
52            android:exported="true"
52-->[androidx.test:core:1.4.0] AndroidManifest.xml:29:13-36
53            android:theme="@android:style/Theme" >
53-->[androidx.test:core:1.4.0] AndroidManifest.xml:30:13-49
54            <intent-filter>
54-->[androidx.fragment:fragment-testing:1.4.1] AndroidManifest.xml:34:13-36:29
55                <action android:name="android.intent.action.MAIN" />
55-->src\main\AndroidManifest.xml:17:17-69
55-->src\main\AndroidManifest.xml:17:25-66
56            </intent-filter>
57        </activity>
58        <activity
58-->[androidx.test:core:1.4.0] AndroidManifest.xml:35:9-42:20
59            android:name="androidx.test.core.app.InstrumentationActivityInvoker$EmptyActivity"
59-->[androidx.test:core:1.4.0] AndroidManifest.xml:36:13-95
60            android:exported="true"
60-->[androidx.test:core:1.4.0] AndroidManifest.xml:37:13-36
61            android:theme="@android:style/Theme" >
61-->[androidx.test:core:1.4.0] AndroidManifest.xml:38:13-49
62            <intent-filter>
62-->[androidx.fragment:fragment-testing:1.4.1] AndroidManifest.xml:34:13-36:29
63                <action android:name="android.intent.action.MAIN" />
63-->src\main\AndroidManifest.xml:17:17-69
63-->src\main\AndroidManifest.xml:17:25-66
64            </intent-filter>
65        </activity>
66        <activity
66-->[androidx.test:core:1.4.0] AndroidManifest.xml:43:9-50:20
67            android:name="androidx.test.core.app.InstrumentationActivityInvoker$EmptyFloatingActivity"
67-->[androidx.test:core:1.4.0] AndroidManifest.xml:44:13-103
68            android:exported="true"
68-->[androidx.test:core:1.4.0] AndroidManifest.xml:45:13-36
69            android:theme="@android:style/Theme.Dialog" >
69-->[androidx.test:core:1.4.0] AndroidManifest.xml:46:13-56
70            <intent-filter>
70-->[androidx.fragment:fragment-testing:1.4.1] AndroidManifest.xml:34:13-36:29
71                <action android:name="android.intent.action.MAIN" />
71-->src\main\AndroidManifest.xml:17:17-69
71-->src\main\AndroidManifest.xml:17:25-66
72            </intent-filter>
73        </activity>
74
75        <provider
75-->[androidx.emoji2:emoji2:1.0.0] AndroidManifest.xml:26:9-34:20
76            android:name="androidx.startup.InitializationProvider"
76-->[androidx.emoji2:emoji2:1.0.0] AndroidManifest.xml:27:13-67
77            android:authorities="com.example.smashgameday.androidx-startup"
77-->[androidx.emoji2:emoji2:1.0.0] AndroidManifest.xml:28:13-68
78            android:exported="false" >
78-->[androidx.emoji2:emoji2:1.0.0] AndroidManifest.xml:29:13-37
79            <meta-data
79-->[androidx.emoji2:emoji2:1.0.0] AndroidManifest.xml:31:13-33:52
80                android:name="androidx.emoji2.text.EmojiCompatInitializer"
80-->[androidx.emoji2:emoji2:1.0.0] AndroidManifest.xml:32:17-75
81                android:value="androidx.startup" />
81-->[androidx.emoji2:emoji2:1.0.0] AndroidManifest.xml:33:17-49
82            <meta-data
82-->[androidx.lifecycle:lifecycle-process:2.4.0] AndroidManifest.xml:31:13-33:52
83                android:name="androidx.lifecycle.ProcessLifecycleInitializer"
83-->[androidx.lifecycle:lifecycle-process:2.4.0] AndroidManifest.xml:32:17-78
84                android:value="androidx.startup" />
84-->[androidx.lifecycle:lifecycle-process:2.4.0] AndroidManifest.xml:33:17-49
85        </provider>
86    </application>
87
88</manifest>